[25-May-2026 17:37:26 Europe/Berlin] PHP Warning:  Undefined array key "REQUEST_METHOD" in C:\xampp\htdocs\club-amper-api\backend\config\cors.php on line 19
[25-May-2026 17:37:26 Europe/Berlin] PHP Warning:  Undefined array key "DB_HOST" in C:\xampp\htdocs\club-amper-api\backend\config\database.php on line 15
[25-May-2026 17:37:26 Europe/Berlin] PHP Warning:  Undefined array key "DB_NAME" in C:\xampp\htdocs\club-amper-api\backend\config\database.php on line 17
[25-May-2026 17:37:26 Europe/Berlin] PHP Warning:  Undefined array key "DB_USER" in C:\xampp\htdocs\club-amper-api\backend\config\database.php on line 19
[25-May-2026 17:37:26 Europe/Berlin] PHP Warning:  Undefined array key "DB_PASSWORD" in C:\xampp\htdocs\club-amper-api\backend\config\database.php on line 21
[25-May-2026 17:37:26 Europe/Berlin] PHP Warning:  Undefined array key "DB_PORT" in C:\xampp\htdocs\club-amper-api\backend\config\database.php on line 23
[25-May-2026 17:38:59 Europe/Berlin] PHP Warning:  Undefined array key "REQUEST_METHOD" in C:\xampp\htdocs\club-amper-api\backend\config\cors.php on line 19
[25-May-2026 17:38:59 Europe/Berlin] PHP Warning:  Undefined array key "DB_HOST" in C:\xampp\htdocs\club-amper-api\backend\config\database.php on line 15
[25-May-2026 17:38:59 Europe/Berlin] PHP Warning:  Undefined array key "DB_NAME" in C:\xampp\htdocs\club-amper-api\backend\config\database.php on line 17
[25-May-2026 17:38:59 Europe/Berlin] PHP Warning:  Undefined array key "DB_USER" in C:\xampp\htdocs\club-amper-api\backend\config\database.php on line 19
[25-May-2026 17:38:59 Europe/Berlin] PHP Warning:  Undefined array key "DB_PASSWORD" in C:\xampp\htdocs\club-amper-api\backend\config\database.php on line 21
[25-May-2026 17:38:59 Europe/Berlin] PHP Warning:  Undefined array key "DB_PORT" in C:\xampp\htdocs\club-amper-api\backend\config\database.php on line 23
[25-May-2026 17:39:01 Europe/Berlin] PHP Warning:  Undefined array key "REQUEST_METHOD" in C:\xampp\htdocs\club-amper-api\backend\config\cors.php on line 19
[25-May-2026 17:39:01 Europe/Berlin] PHP Warning:  Undefined array key "DB_HOST" in C:\xampp\htdocs\club-amper-api\backend\config\database.php on line 15
[25-May-2026 17:39:01 Europe/Berlin] PHP Warning:  Undefined array key "DB_NAME" in C:\xampp\htdocs\club-amper-api\backend\config\database.php on line 17
[25-May-2026 17:39:01 Europe/Berlin] PHP Warning:  Undefined array key "DB_USER" in C:\xampp\htdocs\club-amper-api\backend\config\database.php on line 19
[25-May-2026 17:39:01 Europe/Berlin] PHP Warning:  Undefined array key "DB_PASSWORD" in C:\xampp\htdocs\club-amper-api\backend\config\database.php on line 21
[25-May-2026 17:39:01 Europe/Berlin] PHP Warning:  Undefined array key "DB_PORT" in C:\xampp\htdocs\club-amper-api\backend\config\database.php on line 23
[25-May-2026 17:45:50 Europe/Berlin] PHP Warning:  Undefined array key "REQUEST_METHOD" in C:\xampp\htdocs\club-amper-api\backend\config\cors.php on line 19
[25-May-2026 17:47:18 Europe/Berlin] PHP Warning:  Undefined array key "REQUEST_METHOD" in C:\xampp\htdocs\club-amper-api\backend\config\cors.php on line 19
